Applied patch to 'gradle/libs.versions.toml' cleanly.
Applied patch to 'settings.gradle.kts' cleanly.
Applied patch to 'uxmlib-all/build.gradle.kts' cleanly.
Applied patch to 'uxmlib-bom/build.gradle.kts' cleanly.
error: uxmlib-npc/build.gradle.kts: does not exist in index
error: cannot read the current contents of 'uxmlib-npc/build.gradle.kts'
Falling back to direct application...
error: uxmlib-npc/src/main/java/com/uxplima/uxmlib/npc/ChannelResolver.java: does not exist in index
error: cannot read the current contents of 'uxmlib-npc/src/main/java/com/uxplima/uxmlib/npc/ChannelResolver.java'
Falling back to direct application...
error: uxmlib-npc/src/main/java/com/uxplima/uxmlib/npc/PacketAction.java: does not exist in index
error: cannot read the current contents of 'uxmlib-npc/src/main/java/com/uxplima/uxmlib/npc/PacketAction.java'
Falling back to direct application...
error: uxmlib-npc/src/main/java/com/uxplima/uxmlib/npc/PacketDirection.java: does not exist in index
error: cannot read the current contents of 'uxmlib-npc/src/main/java/com/uxplima/uxmlib/npc/PacketDirection.java'
Falling back to direct application...
error: uxmlib-npc/src/main/java/com/uxplima/uxmlib/npc/PacketInterceptor.java: does not exist in index
error: cannot read the current contents of 'uxmlib-npc/src/main/java/com/uxplima/uxmlib/npc/PacketInterceptor.java'
Falling back to direct application...
error: uxmlib-npc/src/main/java/com/uxplima/uxmlib/npc/PacketListener.java: does not exist in index
error: cannot read the current contents of 'uxmlib-npc/src/main/java/com/uxplima/uxmlib/npc/PacketListener.java'
Falling back to direct application...
error: uxmlib-npc/src/main/java/com/uxplima/uxmlib/npc/PacketListenerRegistry.java: does not exist in index
error: cannot read the current contents of 'uxmlib-npc/src/main/java/com/uxplima/uxmlib/npc/PacketListenerRegistry.java'
Falling back to direct application...
error: uxmlib-npc/src/main/java/com/uxplima/uxmlib/npc/PacketPipeline.java: does not exist in index
error: cannot read the current contents of 'uxmlib-npc/src/main/java/com/uxplima/uxmlib/npc/PacketPipeline.java'
Falling back to direct application...
error: uxmlib-npc/src/main/java/com/uxplima/uxmlib/npc/PipelineWatchdog.java: does not exist in index
error: cannot read the current contents of 'uxmlib-npc/src/main/java/com/uxplima/uxmlib/npc/PipelineWatchdog.java'
Falling back to direct application...
error: uxmlib-npc/src/main/java/com/uxplima/uxmlib/npc/package-info.java: does not exist in index
error: cannot read the current contents of 'uxmlib-npc/src/main/java/com/uxplima/uxmlib/npc/package-info.java'
Falling back to direct application...
error: uxmlib-npc/src/test/java/com/uxplima/uxmlib/npc/ChannelResolverSmokeTest.java: does not exist in index
error: cannot read the current contents of 'uxmlib-npc/src/test/java/com/uxplima/uxmlib/npc/ChannelResolverSmokeTest.java'
Falling back to direct application...
error: uxmlib-npc/src/test/java/com/uxplima/uxmlib/npc/PacketListenerRegistryTest.java: does not exist in index
error: cannot read the current contents of 'uxmlib-npc/src/test/java/com/uxplima/uxmlib/npc/PacketListenerRegistryTest.java'
Falling back to direct application...
error: uxmlib-npc/src/test/java/com/uxplima/uxmlib/npc/PacketPipelineSmokeTest.java: does not exist in index
error: cannot read the current contents of 'uxmlib-npc/src/test/java/com/uxplima/uxmlib/npc/PacketPipelineSmokeTest.java'
Falling back to direct application...
error: uxmlib-npc/src/test/java/com/uxplima/uxmlib/npc/PipelineWatchdogTest.java: does not exist in index
error: cannot read the current contents of 'uxmlib-npc/src/test/java/com/uxplima/uxmlib/npc/PipelineWatchdogTest.java'
Falling back to direct application...
